<?xml version="1.0" encoding="UTF-8"?>
<!-- Generated by org.testng.reporters.JUnitReportReporter -->
<testsuite skipped="0" hostname="DESKTOP-KF37VH8" name="E2EProject.NegativeLoginTest" tests="8" failures="1" timestamp="2020-01-11T10:18:48 EST" time="68.046" errors="0">
  <testcase name="VerifyUsernamePWblanks" time="11.709" classname="E2EProject.NegativeLoginTest"/>
  <system-out/>
  <testcase name="VerifyCharecterinPW" time="8.886" classname="E2EProject.NegativeLoginTest"/>
  <system-out/>
  <testcase name="VerifyUserNamrEmty" time="9.957" classname="E2EProject.NegativeLoginTest"/>
  <system-out/>
  <testcase name="VerifyInvalidPWblanks" time="7.722" classname="E2EProject.NegativeLoginTest">
    <failure type="java.lang.AssertionError" message="Failed to login: Invalid username or password expected [true] but found [false]">
      <![CDATA[java.lang.AssertionError: Failed to login: Invalid username or password expected [true] but found [false]
at org.testng.Assert.fail(Assert.java:97)
at org.testng.Assert.failNotEquals(Assert.java:969)
at org.testng.Assert.assertTrue(Assert.java:43)
at E2EProject.NegativeLoginTest.VerifyInvalidPWblanks(NegativeLoginTest.java:90)
at sun.reflect.NativeMethodAccessorImpl.invoke0(Native Method)
at sun.reflect.NativeMethodAccessorImpl.invoke(Unknown Source)
at sun.reflect.DelegatingMethodAccessorImpl.invoke(Unknown Source)
at java.lang.reflect.Method.invoke(Unknown Source)
at org.testng.internal.MethodInvocationHelper.invokeMethod(MethodInvocationHelper.java:134)
at org.testng.internal.TestInvoker.invokeMethod(TestInvoker.java:597)
at org.testng.internal.TestInvoker.invokeTestMethod(TestInvoker.java:173)
at org.testng.internal.MethodRunner.runInSequence(MethodRunner.java:46)
at org.testng.internal.TestInvoker$MethodInvocationAgent.invoke(TestInvoker.java:816)
at org.testng.internal.TestInvoker.invokeTestMethods(TestInvoker.java:146)
at org.testng.internal.TestMethodWorker.invokeTestMethods(TestMethodWorker.java:146)
at org.testng.internal.TestMethodWorker.run(TestMethodWorker.java:128)
at java.util.ArrayList.forEach(Unknown Source)
at org.testng.TestRunner.privateRun(TestRunner.java:766)
at org.testng.TestRunner.run(TestRunner.java:587)
at org.testng.SuiteRunner.runTest(SuiteRunner.java:384)
at org.testng.SuiteRunner.runSequentially(SuiteRunner.java:378)
at org.testng.SuiteRunner.privateRun(SuiteRunner.java:337)
at org.testng.SuiteRunner.run(SuiteRunner.java:286)
at org.testng.SuiteRunnerWorker.runSuite(SuiteRunnerWorker.java:53)
at org.testng.SuiteRunnerWorker.run(SuiteRunnerWorker.java:96)
at org.testng.TestNG.runSuitesSequentially(TestNG.java:1187)
at org.testng.TestNG.runSuitesLocally(TestNG.java:1109)
at org.testng.TestNG.runSuites(TestNG.java:1039)
at org.testng.TestNG.run(TestNG.java:1007)
at org.testng.remote.AbstractRemoteTestNG.run(AbstractRemoteTestNG.java:115)
at org.testng.remote.RemoteTestNG.initAndRun(RemoteTestNG.java:251)
at org.testng.remote.RemoteTestNG.main(RemoteTestNG.java:77)
]]>
    </failure>
  </testcase> <!-- VerifyInvalidPWblanks -->
  <system-out/>
  <testcase name="VerifyNumberinUserID" time="7.306" classname="E2EProject.NegativeLoginTest"/>
  <system-out/>
  <testcase name="VerifyInvalidUserName" time="7.240" classname="E2EProject.NegativeLoginTest"/>
  <system-out/>
  <testcase name="VerifyNumberPW" time="7.421" classname="E2EProject.NegativeLoginTest"/>
  <system-out/>
  <testcase name="verifyInvalidPW" time="7.805" classname="E2EProject.NegativeLoginTest"/>
  <system-out/>
</testsuite> <!-- E2EProject.NegativeLoginTest -->
